{
  "RSpec": {
    "coverage": {
      "/Users/hanna.ramashka/dead-moroz-2/app/models/user.rb": {
        "lines": [
          null,
          null,
          1,
          1,
          1,
          2,
          1,
          0,
          null,
          null,
          null,
          1,
          1,
          null,
          1,
          1,
          null,
          1,
          1,
          null,
          1,
          1,
          null,
          1,
          null,
          null,
          1,
          1,
          1,
          1,
          1,
          1,
          null,
          1,
          null
        ]
      },
      "/Users/hanna.ramashka/dead-moroz-2/app/models/application_record.rb": {
        "lines": [
          null,
          null,
          1,
          1,
          null
        ]
      },
      "/Users/hanna.ramashka/dead-moroz-2/app/uploaders/avatar_uploader.rb": {
        "lines": [
          null,
          null,
          1,
          1,
          null,
          null,
          null,
          1,
          73,
          null,
          null,
          1,
          1,
          null,
          null,
          null,
          null,
          null,
          null,
          null,
          null
        ]
      },
      "/Users/hanna.ramashka/dead-moroz-2/app/helpers/application_helper.rb": {
        "lines": [
          null,
          null,
          1,
          1,
          0,
          null,
          null
        ]
      },
      "/Users/hanna.ramashka/dead-moroz-2/app/helpers/devise_helper.rb": {
        "lines": [
          1,
          1,
          1,
          4,
          null,
          null
        ]
      },
      "/Users/hanna.ramashka/dead-moroz-2/app/helpers/gift_helper.rb": {
        "lines": [
          null,
          null,
          1,
          1,
          3,
          null,
          null,
          1,
          5,
          null,
          null,
          1,
          5,
          5,
          5,
          null,
          null,
          null
        ]
      },
      "/Users/hanna.ramashka/dead-moroz-2/app/helpers/invitations_helper.rb": {
        "lines": [
          null,
          null,
          1,
          null
        ]
      },
      "/Users/hanna.ramashka/dead-moroz-2/app/helpers/user_helper.rb": {
        "lines": [
          null,
          null,
          1,
          1,
          0,
          null,
          null,
          1,
          0,
          null,
          null
        ]
      },
      "/Users/hanna.ramashka/dead-moroz-2/app/models/gift.rb": {
        "lines": [
          null,
          null,
          1,
          3,
          null,
          1,
          1,
          1,
          null,
          1,
          null,
          1,
          1,
          1,
          null,
          1,
          null
        ]
      },
      "/Users/hanna.ramashka/dead-moroz-2/app/workers/annual_gift_removal_worker.rb": {
        "lines": [
          1,
          null,
          1,
          1,
          1,
          0,
          null,
          1,
          null,
          null
        ]
      },
      "/Users/hanna.ramashka/dead-moroz-2/app/workers/application_worker.rb": {
        "lines": [
          null,
          null,
          1,
          1,
          null
        ]
      },
      "/Users/hanna.ramashka/dead-moroz-2/app/workers/invitation_worker.rb": {
        "lines": [
          null,
          null,
          1,
          1,
          3,
          3,
          3,
          3,
          null,
          null,
          null
        ]
      },
      "/Users/hanna.ramashka/dead-moroz-2/app/workers/work_reminder_worker.rb": {
        "lines": [
          1,
          null,
          1,
          1,
          1,
          3,
          null,
          null,
          null
        ]
      },
      "/Users/hanna.ramashka/dead-moroz-2/app/models/image.rb": {
        "lines": [
          null,
          null,
          1,
          1,
          1,
          null,
          1,
          null
        ]
      },
      "/Users/hanna.ramashka/dead-moroz-2/app/uploaders/image_uploader.rb": {
        "lines": [
          null,
          null,
          1,
          1,
          null,
          null,
          null,
          null,
          null,
          1,
          4,
          null,
          null,
          null,
          null,
          null,
          null,
          null,
          null,
          null,
          null,
          null,
          null,
          null,
          null,
          null,
          null,
          null,
          null,
          null,
          null,
          null,
          null,
          null,
          null,
          null,
          null,
          null,
          null,
          null,
          null,
          null,
          null,
          null,
          null
        ]
      },
      "/Users/hanna.ramashka/dead-moroz-2/app/models/invitation.rb": {
        "lines": [
          null,
          null,
          1,
          1,
          null,
          1,
          null,
          1,
          null,
          1,
          1,
          1,
          1,
          null,
          1,
          1,
          null,
          null,
          1,
          1,
          null,
          null,
          null,
          1,
          null
        ]
      },
      "/Users/hanna.ramashka/dead-moroz-2/app/controllers/invitations_controller.rb": {
        "lines": [
          1,
          1,
          1,
          null,
          1,
          1,
          null,
          1,
          1,
          1,
          null,
          null,
          1,
          2,
          2,
          null,
          2,
          2,
          null,
          2,
          null,
          null,
          1,
          2,
          2,
          null,
          null,
          1,
          null,
          1,
          2,
          null,
          null
        ]
      },
      "/Users/hanna.ramashka/dead-moroz-2/app/controllers/concerns/sortable.rb": {
        "lines": [
          1,
          1,
          null,
          1,
          null,
          1,
          2,
          null,
          null,
          1,
          2,
          null,
          null,
          1,
          2,
          null,
          null
        ]
      },
      "/Users/hanna.ramashka/dead-moroz-2/app/models/ability.rb": {
        "lines": [
          1,
          1,
          null,
          1,
          64,
          null,
          null,
          null,
          3,
          3,
          3,
          3,
          null,
          5,
          5,
          5,
          5,
          5,
          5,
          5,
          5,
          null,
          6,
          6,
          6,
          6,
          6,
          6,
          6,
          6,
          6,
          null,
          50,
          null,
          null,
          null
        ]
      },
      "/Users/hanna.ramashka/dead-moroz-2/app/models/estimate.rb": {
        "lines": [
          null,
          null,
          1,
          1,
          1,
          null,
          1,
          1,
          1,
          null
        ]
      },
      "/Users/hanna.ramashka/dead-moroz-2/app/models/review.rb": {
        "lines": [
          null,
          null,
          1,
          1,
          27,
          1,
          1,
          null,
          1,
          null
        ]
      },
      "/Users/hanna.ramashka/dead-moroz-2/app/controllers/welcome_controller.rb": {
        "lines": [
          null,
          null,
          1,
          1,
          1,
          null
        ]
      },
      "/Users/hanna.ramashka/dead-moroz-2/app/controllers/gifts_controller.rb": {
        "lines": [
          null,
          null,
          1,
          1,
          1,
          1,
          1,
          1,
          7,
          7,
          null,
          null,
          1,
          null,
          1,
          2,
          2,
          null,
          null,
          1,
          2,
          null,
          null,
          1,
          4,
          4,
          3,
          3,
          3,
          null,
          1,
          null,
          null,
          null,
          1,
          4,
          3,
          3,
          null,
          1,
          null,
          null,
          null,
          1,
          3,
          3,
          3,
          null,
          null,
          1,
          1,
          null,
          null,
          1,
          null,
          1,
          28,
          null,
          null,
          1,
          37,
          null,
          null,
          1,
          2,
          2,
          2,
          null,
          null,
          null,
          null,
          1,
          17,
          null,
          null
        ]
      },
      "/Users/hanna.ramashka/dead-moroz-2/app/controllers/estimates_controller.rb": {
        "lines": [
          null,
          null,
          1,
          1,
          1,
          null,
          1,
          2,
          2,
          2,
          null,
          null,
          1,
          2,
          2,
          null,
          null,
          1,
          null,
          1,
          8,
          null,
          null,
          1,
          2,
          null,
          null
        ]
      },
      "/Users/hanna.ramashka/dead-moroz-2/app/controllers/images_controller.rb": {
        "lines": [
          null,
          null,
          1,
          1,
          1,
          null,
          1,
          3,
          2,
          2,
          2,
          null,
          1,
          1,
          null,
          null,
          null,
          1,
          2,
          2,
          2,
          null,
          null,
          1,
          null,
          1,
          12,
          null,
          null,
          1,
          8,
          null,
          null
        ]
      },
      "/Users/hanna.ramashka/dead-moroz-2/app/controllers/reviews_controller.rb": {
        "lines": [
          null,
          null,
          1,
          1,
          null,
          1,
          2,
          2,
          2,
          null,
          null,
          1,
          2,
          2,
          2,
          null,
          null,
          1,
          null,
          1,
          10,
          null,
          null,
          1,
          2,
          null,
          null
        ]
      },
      "/Users/hanna.ramashka/dead-moroz-2/app/controllers/registrations_controller.rb": {
        "lines": [
          null,
          null,
          1,
          1,
          1,
          1,
          1,
          1,
          1,
          0,
          0,
          null,
          null,
          null,
          null,
          1,
          null,
          1,
          7,
          7,
          null,
          null,
          1,
          2,
          null,
          null
        ]
      },
      "/Users/hanna.ramashka/dead-moroz-2/app/controllers/users_controller.rb": {
        "lines": [
          1,
          1,
          1,
          null,
          1,
          1,
          null,
          1,
          1,
          1,
          null,
          1,
          null,
          null,
          1,
          1,
          1,
          1,
          0,
          0,
          null,
          null,
          1,
          null,
          null,
          null,
          1,
          null,
          1,
          12,
          null,
          null,
          1,
          2,
          null,
          null
        ]
      },
      "/Users/hanna.ramashka/dead-moroz-2/app/services/google_translate.rb": {
        "lines": [
          null,
          null,
          1,
          1,
          null,
          1,
          null,
          0,
          null,
          null,
          null,
          null,
          null,
          null,
          0,
          0,
          null,
          null
        ]
      }
    },
    "timestamp": 1625819233
  }
}
